2023-12-04 [main] INFO  org.main.Main Info log!
2023-12-04 [main] ERROR org.main.Main Error log
2023-12-04 [main] WARN  org.main.Main Warn log
2023-12-04 [main] INFO  org.main.Main Info log!
2023-12-04 [main] ERROR org.main.Main Error log
2023-12-04 [main] WARN  org.main.Main Warn log
2023-12-04 [main] INFO  org.main.Main Info log!
2023-12-04 [main] ERROR org.main.Main Error log
2023-12-04 [main] WARN  org.main.Main Warn log
2023-12-04 [main] INFO  org.main.Main Info log!
2023-12-04 [main] ERROR org.main.Main Error log
2023-12-04 [main] WARN  org.main.Main Warn log
2023-12-04 [main] INFO  org.main.Main Info log!
2023-12-04 [main] ERROR org.main.Main Error log
2023-12-04 [main] WARN  org.main.Main Warn log
2023-12-04 [main] INFO  org.main.Main Info log!
2023-12-04 [main] ERROR org.main.Main Error log
2023-12-04 [main] WARN  org.main.Main Warn log
2023-12-04 [main] INFO  org.main.Main Info log!
2023-12-04 [main] ERROR org.main.Main Error log
2023-12-04 [main] WARN  org.main.Main Warn log
2024-01-08 [main] INFO  org.main.Main Info log!
2024-01-08 [main] ERROR org.main.Main Error log
2024-01-08 [main] WARN  org.main.Main Warn log
2024-01-08 [main] INFO  org.main.Main Info log!
2024-01-08 [main] ERROR org.main.Main Error log
2024-01-08 [main] WARN  org.main.Main Warn log
2024-01-08 [main] INFO  org.main.Main Ondruv feed: Ahoj hokejová rodino
2024-01-08 [main] INFO  org.main.Main Katky feed: Ahoj hokejová rodino
2024-01-08 [main] INFO  org.main.Main Ondruv feed: Ahoj hokejová rodino
2024-01-08 [main] INFO  org.main.Main Katky feed: Ahoj hokejová rodino
2024-01-08 [main] INFO  org.main.Main Ondruv feed: Ahoj hokejová rodino
2024-01-08 [main] INFO  org.main.Main Katky feed: Ahoj hokejová rodino
2024-01-08 [main] INFO  org.main.Main Ondruv feed: Ahoj hokejová rodino
2024-01-08 [main] INFO  org.main.Main Katky feed: Ahoj hokejová rodino
2024-01-08 [main] INFO  org.main.Main Info log!
2024-01-08 [main] ERROR org.main.Main Error log
2024-01-08 [main] WARN  org.main.Main Warn log
2024-01-08 [main] INFO  org.main.Main Info log!
2024-01-08 [main] ERROR org.main.Main Error log
2024-01-08 [main] WARN  org.main.Main Warn log
2024-01-08 [main] INFO  org.main.Main Info log!
2024-01-08 [main] ERROR org.main.Main Error log
2024-01-08 [main] WARN  org.main.Main Warn log
